<?xml version="1.0" encoding="UTF-8"?>
<testsuite xmlns:xsi="http://www.w3.org/2001/XMLSchema-instance" xsi:noNamespaceSchemaLocation="https://maven.apache.org/surefire/maven-surefire-plugin/xsd/surefire-test-report-3.0.xsd" version="3.0" name="web.app.app.LluimentApplicationTests" time="3.563" tests="1" errors="0" skipped="0" failures="0">
  <properties>
[...]
</properties>
  <testcase name="contextLoads" classname="web.app.app.LluimentApplicationTests" time="0.355">
    <system-out><![CDATA[13:37:19.292 [main] INFO org.springframework.test.context.support.AnnotationConfigContextLoaderUtils -- Could not detect default configuration classes for test class [web.app.app.LluimentApplicationTests]: LluimentApplicationTests does not declare any static, non-private, non-final, nested classes annotated with @Configuration.
13:37:19.380 [main] INFO org.springframework.boot.test.context.SpringBootTestContextBootstrapper -- Found @SpringBootConfiguration web.app.LluimentApplication for test class web.app.app.LluimentApplicationTests

  .   ____          _            __ _ _
 /\\ / ___'_ __ _ _(_)_ __  __ _ \ \ \ \
( ( )\___ | '_ | '_| | '_ \/ _` | \ \ \ \
 \\/  ___)| |_)| | | | | || (_| |  ) ) ) )
  '  |____| .__|_| |_|_| |_\__, | / / / /
 =========|_|==============|___/=/_/_/_/
 :: Spring Boot ::                (v3.1.4)

2023-12-15T13:37:19.706+01:00  INFO 11388 --- [           main] web.app.app.LluimentApplicationTests     : Starting LluimentApplicationTests using Java 17.0.2 with PID 11388 (started by xthan in /home/xthan/PROYECTOS/LLU/back-LLU)
2023-12-15T13:37:19.708+01:00  INFO 11388 --- [           main] web.app.app.LluimentApplicationTests     : No active profile set, falling back to 1 default profile: "default"
2023-12-15T13:37:20.123+01:00  INFO 11388 --- [           main] .s.d.r.c.RepositoryConfigurationDelegate : Bootstrapping Spring Data JPA repositories in DEFAULT mode.
2023-12-15T13:37:20.175+01:00  INFO 11388 --- [           main] .s.d.r.c.RepositoryConfigurationDelegate : Finished Spring Data repository scanning in 46 ms. Found 6 JPA repository interfaces.
2023-12-15T13:37:20.444+01:00  INFO 11388 --- [           main] com.zaxxer.hikari.HikariDataSource       : HikariPool-1 - Starting...
2023-12-15T13:37:20.714+01:00  INFO 11388 --- [           main] com.zaxxer.hikari.pool.HikariPool        : HikariPool-1 - Added connection com.mysql.cj.jdbc.ConnectionImpl@4877919f
2023-12-15T13:37:20.716+01:00  INFO 11388 --- [           main] com.zaxxer.hikari.HikariDataSource       : HikariPool-1 - Start completed.
2023-12-15T13:37:20.754+01:00  INFO 11388 --- [           main] o.hibernate.jpa.internal.util.LogHelper  : HHH000204: Processing PersistenceUnitInfo [name: default]
2023-12-15T13:37:20.784+01:00  INFO 11388 --- [           main] org.hibernate.Version                    : HHH000412: Hibernate ORM core version 6.2.9.Final
2023-12-15T13:37:20.785+01:00  INFO 11388 --- [           main] org.hibernate.cfg.Environment            : HHH000406: Using bytecode reflection optimizer
2023-12-15T13:37:20.873+01:00  INFO 11388 --- [           main] o.h.b.i.BytecodeProviderInitiator        : HHH000021: Bytecode provider name : bytebuddy
2023-12-15T13:37:20.963+01:00  INFO 11388 --- [           main] o.s.o.j.p.SpringPersistenceUnitInfo      : No LoadTimeWeaver setup: ignoring JPA class transformer
2023-12-15T13:37:21.157+01:00  INFO 11388 --- [           main] o.h.b.i.BytecodeProviderInitiator        : HHH000021: Bytecode provider name : bytebuddy
2023-12-15T13:37:21.520+01:00  INFO 11388 --- [           main] o.h.m.i.EntityInstantiatorPojoStandard   : HHH000182: No default (no-argument) constructor for class: web.app.entity.DocumentoEntity (class must be instantiated by Interceptor)
2023-12-15T13:37:21.642+01:00  INFO 11388 --- [           main] o.h.e.t.j.p.i.JtaPlatformInitiator       : HHH000490: Using JtaPlatform implementation: [org.hibernate.engine.transaction.jta.platform.internal.NoJtaPlatform]
2023-12-15T13:37:21.645+01:00  INFO 11388 --- [           main] j.LocalContainerEntityManagerFactoryBean : Initialized JPA EntityManagerFactory for persistence unit 'default'
2023-12-15T13:37:21.873+01:00  INFO 11388 --- [           main] o.s.d.j.r.query.QueryEnhancerFactory     : Hibernate is in classpath; If applicable, HQL parser will be used.
2023-12-15T13:37:22.056+01:00  WARN 11388 --- [           main] JpaBaseConfiguration$JpaWebConfiguration : spring.jpa.open-in-view is enabled by default. Therefore, database queries may be performed during view rendering. Explicitly configure spring.jpa.open-in-view to disable this warning
2023-12-15T13:37:22.346+01:00  INFO 11388 --- [           main] web.app.app.LluimentApplicationTests     : Started LluimentApplicationTests in 2.848 seconds (process running for 3.58)
]]></system-out>
  </testcase>
</testsuite>